

*******************************************************************************
Sun Apr 14 23:57:30 2024


FIT:    data read from 'Tabla.txt' using (log10($1)):(log10($2))
        format = x:z
        #datapoints = 7
        residuals are weighted equally (unit weight)

function used for fitting: f1(x)
	f1(x) = b * x + ct
fitted parameters initialized with current variable values

iter      chisq       delta/lim  lambda   b             ct           
   0 8.1291488564e+02   0.00e+00  6.42e+00    1.000000e+00   1.000000e+00
   6 1.1397322525e-06  -6.02e-09  6.42e-06   -2.297459e-03  -7.346671e-01

After 6 iterations the fit converged.
final sum of squares of residuals : 1.13973e-06
rel. change during last iteration : -6.01981e-14

degrees of freedom    (FIT_NDF)                        : 5
rms of residuals      (FIT_STDFIT) = sqrt(WSSR/ndf)    : 0.000477437
variance of residuals (reduced chisquare) = WSSR/ndf   : 2.27946e-07

Final set of parameters            Asymptotic Standard Error
=======================            ==========================
b               = -0.00229746      +/- 0.0002686    (11.69%)
ct              = -0.734667        +/- 0.002425     (0.33%)

correlation matrix of the fit parameters:
                b      ct     
b               1.000 
ct             -0.997  1.000 


*******************************************************************************
Sun Apr 14 23:57:30 2024


FIT:    data read from 'Tabla.txt' using (log10($1)):(log10($3))
        format = x:z
        #datapoints = 7
        residuals are weighted equally (unit weight)

function used for fitting: f2(x)
	f2(x) = a * x + ck
fitted parameters initialized with current variable values

iter      chisq       delta/lim  lambda   a             ck           
   0 4.6274767480e+01   0.00e+00  6.42e+00    1.000000e+00   1.000000e+00
   6 1.2832179679e-08  -2.89e-06  6.42e-06    4.001190e-01   3.859575e+00

After 6 iterations the fit converged.
final sum of squares of residuals : 1.28322e-08
rel. change during last iteration : -2.88689e-11

degrees of freedom    (FIT_NDF)                        : 5
rms of residuals      (FIT_STDFIT) = sqrt(WSSR/ndf)    : 5.066e-05
variance of residuals (reduced chisquare) = WSSR/ndf   : 2.56644e-09

Final set of parameters            Asymptotic Standard Error
=======================            ==========================
a               = 0.400119         +/- 2.851e-05    (0.007124%)
ck              = 3.85958          +/- 0.0002573    (0.006666%)

correlation matrix of the fit parameters:
                a      ck     
a               1.000 
ck             -0.997  1.000 


*******************************************************************************
Sun Apr 21 07:20:39 2024


FIT:    data read from 'Tabla.txt' using (log10($1)):(log10($2))
        format = x:z
BREAK: No data to fit

*******************************************************************************
Sun Apr 21 07:25:21 2024


FIT:    data read from 'Tabla.txt' using (log10($1)):(log10($2))
        format = x:z
BREAK: No data to fit

*******************************************************************************
Sun Apr 21 07:27:20 2024


FIT:    data read from 'Tabla.txt' using (log10($1)):(log10($2))
        format = x:z
BREAK: No data to fit

*******************************************************************************
Sun Apr 21 07:27:33 2024


FIT:    data read from 'Tabla.txt' using (log10($1)):(log10($2))
        format = x:z
BREAK: No data to fit

*******************************************************************************
Sun Apr 21 07:28:07 2024


FIT:    data read from 'Tabla.txt' using (log10($1)):(log10($2))
        format = x:z
BREAK: No data to fit

*******************************************************************************
Sun Apr 21 07:30:46 2024


FIT:    data read from 'Tabla.txt' using (log10($1)):(log10($2))
        format = x:z
BREAK: No data to fit

*******************************************************************************
Sun Apr 21 07:32:29 2024


FIT:    data read from 'Tabla.txt' using (log10($1)):(log10($2))
        format = x:z
BREAK: No data to fit

*******************************************************************************
Sun Apr 21 07:33:36 2024


FIT:    data read from 'Tabla.txt' using (log10($1)):(log10($2))
        format = x:z
        #datapoints = 7
        residuals are weighted equally (unit weight)

function used for fitting: f1(x)
	f1(x) = b * x + ct
fitted parameters initialized with current variable values

iter      chisq       delta/lim  lambda   b             ct           
   0 3.6504371108e+02   0.00e+00  8.86e-01    1.000000e+00   1.000000e+00
   6 3.2339157740e-02  -2.17e-03  8.86e-07   -1.629182e+02  -1.156226e+02

After 6 iterations the fit converged.
final sum of squares of residuals : 0.0323392
rel. change during last iteration : -2.16564e-08

degrees of freedom    (FIT_NDF)                        : 5
rms of residuals      (FIT_STDFIT) = sqrt(WSSR/ndf)    : 0.0804228
variance of residuals (reduced chisquare) = WSSR/ndf   : 0.00646783

Final set of parameters            Asymptotic Standard Error
=======================            ==========================
b               = -162.918         +/- 19.05        (11.69%)
ct              = -115.623         +/- 14.39        (12.45%)

correlation matrix of the fit parameters:
                b      ct     
b               1.000 
ct              1.000  1.000 


*******************************************************************************
Sun Apr 21 07:33:36 2024


FIT:    data read from 'Tabla.txt' using (log10($1)):(log10($3))
        format = x:z
        #datapoints = 7
        residuals are weighted equally (unit weight)

function used for fitting: f2(x)
	f2(x) = a * x + ck
fitted parameters initialized with current variable values

iter      chisq       delta/lim  lambda   a             ck           
   0 6.7010871103e+05   0.00e+00  8.86e-01    1.000000e+00   1.000000e+00
  22 9.1329140679e-23   0.00e+00  8.86e-08    2.260717e-09  -3.091578e+02

After 22 iterations the fit converged.
final sum of squares of residuals : 9.13291e-23
rel. change during last iteration : 0

degrees of freedom    (FIT_NDF)                        : 5
rms of residuals      (FIT_STDFIT) = sqrt(WSSR/ndf)    : 4.27385e-12
variance of residuals (reduced chisquare) = WSSR/ndf   : 1.82658e-23

Final set of parameters            Asymptotic Standard Error
=======================            ==========================
a               = 2.26072e-09      +/- 1.364e+04    (6.033e+14%)
ck              = -309.158         +/- 1.029e+04    (3328%)

correlation matrix of the fit parameters:
                a      ck     
a               1.000 
ck              1.000  1.000 


*******************************************************************************
Tue Apr 23 14:31:38 2024


FIT:    data read from 'Tabla.txt' using (log10($1)):(log10($2))
        format = x:z
        #datapoints = 7
        residuals are weighted equally (unit weight)

function used for fitting: f1(x)
	f1(x) = b * x + ct
fitted parameters initialized with current variable values

iter      chisq       delta/lim  lambda   b             ct           
   0 1.8413069782e+03   0.00e+00  8.86e-01    1.000000e+00   1.000000e+00
   6 3.2339157740e-02  -2.05e-03  8.86e-07   -1.629182e+02  -1.066226e+02

After 6 iterations the fit converged.
final sum of squares of residuals : 0.0323392
rel. change during last iteration : -2.05038e-08

degrees of freedom    (FIT_NDF)                        : 5
rms of residuals      (FIT_STDFIT) = sqrt(WSSR/ndf)    : 0.0804228
variance of residuals (reduced chisquare) = WSSR/ndf   : 0.00646783

Final set of parameters            Asymptotic Standard Error
=======================            ==========================
b               = -162.918         +/- 19.05        (11.69%)
ct              = -106.623         +/- 14.39        (13.5%)

correlation matrix of the fit parameters:
                b      ct     
b               1.000 
ct              1.000  1.000 


*******************************************************************************
Tue Apr 23 14:31:38 2024


FIT:    data read from 'Tabla.txt' using (log10($1)):(log10($3))
        format = x:z
        #datapoints = 7
        residuals are weighted equally (unit weight)

function used for fitting: f2(x)
	f2(x) = a * x + ck
fitted parameters initialized with current variable values

iter      chisq       delta/lim  lambda   a             ck           
   0 6.7011595735e+05   0.00e+00  8.86e-01    1.000000e+00   1.000000e+00
  18 6.5896568017e-23   0.00e+00  8.86e-03    1.926069e-09  -3.091595e+02

After 18 iterations the fit converged.
final sum of squares of residuals : 6.58966e-23
rel. change during last iteration : 0

degrees of freedom    (FIT_NDF)                        : 5
rms of residuals      (FIT_STDFIT) = sqrt(WSSR/ndf)    : 3.63033e-12
variance of residuals (reduced chisquare) = WSSR/ndf   : 1.31793e-23

Final set of parameters            Asymptotic Standard Error
=======================            ==========================
a               = 1.92607e-09      +/- 9.395e-11    (4.878%)
ck              = -309.16          +/- 7.052e-11    (2.281e-11%)

correlation matrix of the fit parameters:
                a      ck     
a               1.000 
ck              1.000  1.000 


*******************************************************************************
Tue Apr 23 14:32:11 2024


FIT:    data read from 'Tabla.txt' using (log10($1)):(log10($2))
        format = x:z
        #datapoints = 7
        residuals are weighted equally (unit weight)

function used for fitting: f1(x)
	f1(x) = b * x + ct
fitted parameters initialized with current variable values

iter      chisq       delta/lim  lambda   b             ct           
   0 3.6504371108e+02   0.00e+00  8.86e-01    1.000000e+00   1.000000e+00
   6 3.2339157740e-02  -2.17e-03  8.86e-07   -1.629182e+02  -1.156226e+02

After 6 iterations the fit converged.
final sum of squares of residuals : 0.0323392
rel. change during last iteration : -2.16564e-08

degrees of freedom    (FIT_NDF)                        : 5
rms of residuals      (FIT_STDFIT) = sqrt(WSSR/ndf)    : 0.0804228
variance of residuals (reduced chisquare) = WSSR/ndf   : 0.00646783

Final set of parameters            Asymptotic Standard Error
=======================            ==========================
b               = -162.918         +/- 19.05        (11.69%)
ct              = -115.623         +/- 14.39        (12.45%)

correlation matrix of the fit parameters:
                b      ct     
b               1.000 
ct              1.000  1.000 


*******************************************************************************
Tue Apr 23 14:32:11 2024


FIT:    data read from 'Tabla.txt' using (log10($1)):(log10($3))
        format = x:z
        #datapoints = 7
        residuals are weighted equally (unit weight)

function used for fitting: f2(x)
	f2(x) = a * x + ck
fitted parameters initialized with current variable values

iter      chisq       delta/lim  lambda   a             ck           
   0 6.7011089039e+05   0.00e+00  8.86e-01    1.000000e+00   1.000000e+00
  18 5.3062343826e-23   0.00e+00  8.86e-01    1.730735e-09  -3.091583e+02

After 18 iterations the fit converged.
final sum of squares of residuals : 5.30623e-23
rel. change during last iteration : 0

degrees of freedom    (FIT_NDF)                        : 5
rms of residuals      (FIT_STDFIT) = sqrt(WSSR/ndf)    : 3.25768e-12
variance of residuals (reduced chisquare) = WSSR/ndf   : 1.06125e-23

Final set of parameters            Asymptotic Standard Error
=======================            ==========================
a               = 1.73074e-09      +/- 1.942e+04    (1.122e+15%)
ck              = -309.158         +/- 1.467e+04    (4746%)

correlation matrix of the fit parameters:
                a      ck     
a               1.000 
ck              1.000  1.000 


*******************************************************************************
Tue Apr 23 14:32:20 2024


FIT:    data read from 'Tabla.txt' using (log10($1)):(log10($2))
        format = x:z
        #datapoints = 7
        residuals are weighted equally (unit weight)

function used for fitting: f1(x)
	f1(x) = b * x + ct
fitted parameters initialized with current variable values

iter      chisq       delta/lim  lambda   b             ct           
   0 6.6147538975e+05   0.00e+00  2.19e+02    1.000000e+00   1.000000e+00
   4 1.7822696259e-05  -4.29e-04  2.19e-02    5.688700e-03   1.003216e+00

After 4 iterations the fit converged.
final sum of squares of residuals : 1.78227e-05
rel. change during last iteration : -4.28765e-09

degrees of freedom    (FIT_NDF)                        : 5
rms of residuals      (FIT_STDFIT) = sqrt(WSSR/ndf)    : 0.001888
variance of residuals (reduced chisquare) = WSSR/ndf   : 3.56454e-06

Final set of parameters            Asymptotic Standard Error
=======================            ==========================
b               = 0.0056887        +/- 2.246e+10    (3.947e+14%)
ct              = 1.00322          +/- 6.942e+12    (6.92e+14%)

correlation matrix of the fit parameters:
                b      ct     
b               1.000 
ct              1.000  1.000 


*******************************************************************************
Tue Apr 23 14:32:20 2024


FIT:    data read from 'Tabla.txt' using (log10($1)):(log10($3))
        format = x:z
        #datapoints = 7
        residuals are weighted equally (unit weight)

function used for fitting: f2(x)
	f2(x) = a * x + ck
fitted parameters initialized with current variable values

iter      chisq       delta/lim  lambda   a             ck           
   0 6.9730877152e+05   0.00e+00  2.19e+02    1.000000e+00   1.000000e+00
   4 5.0539522946e-01  -1.59e-08  2.19e-02   -2.088762e-02   1.003302e+00

After 4 iterations the fit converged.
final sum of squares of residuals : 0.505395
rel. change during last iteration : -1.59264e-13

degrees of freedom    (FIT_NDF)                        : 5
rms of residuals      (FIT_STDFIT) = sqrt(WSSR/ndf)    : 0.317929
variance of residuals (reduced chisquare) = WSSR/ndf   : 0.101079

Final set of parameters            Asymptotic Standard Error
=======================            ==========================
a               = -0.0208876       +/- 2.392e+12    (1.145e+16%)
ck              = 1.0033           +/- 7.394e+14    (7.37e+16%)

correlation matrix of the fit parameters:
                a      ck     
a               1.000 
ck              1.000  1.000 


*******************************************************************************
Tue Apr 23 14:32:52 2024


FIT:    data read from 'Tabla.txt' using (log10($1)):(log10($2))
        format = x:z
BREAK: No data to fit

*******************************************************************************
Tue Apr 23 14:33:29 2024


FIT:    data read from 'Tabla.txt' using (log10($1)):(log10($2))
        format = x:z
        #datapoints = 7
        residuals are weighted equally (unit weight)

function used for fitting: f1(x)
	f1(x) = b * x + ct
fitted parameters initialized with current variable values

iter      chisq       delta/lim  lambda   b             ct           
   0 6.6147393717e+05   0.00e+00  2.19e+02    1.000000e+00   1.000000e+00
   4 1.7822696259e-05  -4.29e-04  2.19e-02    5.688706e-03   1.003216e+00

After 4 iterations the fit converged.
final sum of squares of residuals : 1.78227e-05
rel. change during last iteration : -4.28764e-09

degrees of freedom    (FIT_NDF)                        : 5
rms of residuals      (FIT_STDFIT) = sqrt(WSSR/ndf)    : 0.001888
variance of residuals (reduced chisquare) = WSSR/ndf   : 3.56454e-06

Final set of parameters            Asymptotic Standard Error
=======================            ==========================
b               = 0.00568871       +/- 2.46e+10     (4.324e+14%)
ct              = 1.00322          +/- 7.605e+12    (7.581e+14%)

correlation matrix of the fit parameters:
                b      ct     
b               1.000 
ct              1.000  1.000 


*******************************************************************************
Tue Apr 23 14:33:29 2024


FIT:    data read from 'Tabla.txt' using (log10($1)):(log10($3))
        format = x:z
        #datapoints = 7
        residuals are weighted equally (unit weight)

function used for fitting: f2(x)
	f2(x) = a * x + ck
fitted parameters initialized with current variable values

iter      chisq       delta/lim  lambda   a             ck           
   0 6.9730728010e+05   0.00e+00  2.19e+02    1.000000e+00   1.000000e+00
   4 5.0539522946e-01  -1.59e-08  2.19e-02   -2.088764e-02   1.003302e+00

After 4 iterations the fit converged.
final sum of squares of residuals : 0.505395
rel. change during last iteration : -1.59483e-13

degrees of freedom    (FIT_NDF)                        : 5
rms of residuals      (FIT_STDFIT) = sqrt(WSSR/ndf)    : 0.317929
variance of residuals (reduced chisquare) = WSSR/ndf   : 0.101079

Final set of parameters            Asymptotic Standard Error
=======================            ==========================
a               = -0.0208876       +/- 4.631e+12    (2.217e+16%)
ck              = 1.0033           +/- 1.432e+15    (1.427e+17%)

correlation matrix of the fit parameters:
                a      ck     
a               1.000 
ck              1.000  1.000 


*******************************************************************************
Tue Apr 23 14:35:50 2024


FIT:    data read from 'Tabla.txt' using (log10($1)):(log10($2))
        format = x:z
        #datapoints = 7
        residuals are weighted equally (unit weight)

function used for fitting: f1(x)
	f1(x) = b * x + ct
fitted parameters initialized with current variable values

iter      chisq       delta/lim  lambda   b             ct           
   0 8.1293723210e+02   0.00e+00  6.42e+00    1.000000e+00   1.000000e+00
   6 1.1405060257e-06  -1.76e-08  6.42e-06   -2.298243e-03  -7.348084e-01

After 6 iterations the fit converged.
final sum of squares of residuals : 1.14051e-06
rel. change during last iteration : -1.75644e-13

degrees of freedom    (FIT_NDF)                        : 5
rms of residuals      (FIT_STDFIT) = sqrt(WSSR/ndf)    : 0.000477599
variance of residuals (reduced chisquare) = WSSR/ndf   : 2.28101e-07

Final set of parameters            Asymptotic Standard Error
=======================            ==========================
b               = -0.00229824      +/- 0.0002687    (11.69%)
ct              = -0.734808        +/- 0.002425     (0.3301%)

correlation matrix of the fit parameters:
                b      ct     
b               1.000 
ct             -0.997  1.000 


*******************************************************************************
Tue Apr 23 14:35:50 2024


FIT:    data read from 'Tabla.txt' using (log10($1)):(log10($3))
        format = x:z
        #datapoints = 7
        residuals are weighted equally (unit weight)

function used for fitting: f2(x)
	f2(x) = a * x + ck
fitted parameters initialized with current variable values

iter      chisq       delta/lim  lambda   a             ck           
   0 4.6266741789e+01   0.00e+00  6.42e+00    1.000000e+00   1.000000e+00
   6 6.1651194747e-09  -5.51e-06  6.42e-06    4.000230e-01   3.860675e+00

After 6 iterations the fit converged.
final sum of squares of residuals : 6.16512e-09
rel. change during last iteration : -5.50941e-11

degrees of freedom    (FIT_NDF)                        : 5
rms of residuals      (FIT_STDFIT) = sqrt(WSSR/ndf)    : 3.51144e-05
variance of residuals (reduced chisquare) = WSSR/ndf   : 1.23302e-09

Final set of parameters            Asymptotic Standard Error
=======================            ==========================
a               = 0.400023         +/- 1.976e-05    (0.004939%)
ck              = 3.86068          +/- 0.0001783    (0.004619%)

correlation matrix of the fit parameters:
                a      ck     
a               1.000 
ck             -0.997  1.000 


*******************************************************************************
Tue Apr 23 14:36:55 2024


FIT:    data read from 'Tabla.txt' using (log10($1)):(log10($2))
        format = x:z
        #datapoints = 7
        residuals are weighted equally (unit weight)

function used for fitting: f1(x)
	f1(x) = b * x + ct
fitted parameters initialized with current variable values

iter      chisq       delta/lim  lambda   b             ct           
   0 1.0189896172e+02   0.00e+00  6.42e+00    1.000000e+00   1.000000e+00
   6 1.1405060257e-06  -1.65e-07  6.42e-06   -2.298243e-03   6.265192e+00

After 6 iterations the fit converged.
final sum of squares of residuals : 1.14051e-06
rel. change during last iteration : -1.64875e-12

degrees of freedom    (FIT_NDF)                        : 5
rms of residuals      (FIT_STDFIT) = sqrt(WSSR/ndf)    : 0.000477599
variance of residuals (reduced chisquare) = WSSR/ndf   : 2.28101e-07

Final set of parameters            Asymptotic Standard Error
=======================            ==========================
b               = -0.00229824      +/- 0.0002687    (11.69%)
ct              = 6.26519          +/- 0.002425     (0.03871%)

correlation matrix of the fit parameters:
                b      ct     
b               1.000 
ct             -0.997  1.000 


*******************************************************************************
Tue Apr 23 14:36:55 2024


FIT:    data read from 'Tabla.txt' using (log10($1)):(log10($3))
        format = x:z
        #datapoints = 7
        residuals are weighted equally (unit weight)

function used for fitting: f2(x)
	f2(x) = a * x + ck
fitted parameters initialized with current variable values

iter      chisq       delta/lim  lambda   a             ck           
   0 4.6266741789e+01   0.00e+00  6.42e+00    1.000000e+00   1.000000e+00
   6 6.1651194747e-09  -5.51e-06  6.42e-06    4.000230e-01   3.860675e+00

After 6 iterations the fit converged.
final sum of squares of residuals : 6.16512e-09
rel. change during last iteration : -5.50941e-11

degrees of freedom    (FIT_NDF)                        : 5
rms of residuals      (FIT_STDFIT) = sqrt(WSSR/ndf)    : 3.51144e-05
variance of residuals (reduced chisquare) = WSSR/ndf   : 1.23302e-09

Final set of parameters            Asymptotic Standard Error
=======================            ==========================
a               = 0.400023         +/- 1.976e-05    (0.004939%)
ck              = 3.86068          +/- 0.0001783    (0.004619%)

correlation matrix of the fit parameters:
                a      ck     
a               1.000 
ck             -0.997  1.000 


*******************************************************************************
Tue Apr 23 14:37:26 2024


FIT:    data read from 'Tabla.txt' using (log10($1)):(log10($2))
        format = x:z
        #datapoints = 7
        residuals are weighted equally (unit weight)

function used for fitting: f1(x)
	f1(x) = b * x + ct
fitted parameters initialized with current variable values

iter      chisq       delta/lim  lambda   b             ct           
   0 5.6322065955e+01   0.00e+00  6.42e+00    1.000000e+00   1.000000e+00
   6 1.1405060257e-06  -1.21e-07  6.42e-06   -2.298243e-03   7.265192e+00

After 6 iterations the fit converged.
final sum of squares of residuals : 1.14051e-06
rel. change during last iteration : -1.20574e-12

degrees of freedom    (FIT_NDF)                        : 5
rms of residuals      (FIT_STDFIT) = sqrt(WSSR/ndf)    : 0.000477599
variance of residuals (reduced chisquare) = WSSR/ndf   : 2.28101e-07

Final set of parameters            Asymptotic Standard Error
=======================            ==========================
b               = -0.00229824      +/- 0.0002687    (11.69%)
ct              = 7.26519          +/- 0.002425     (0.03338%)

correlation matrix of the fit parameters:
                b      ct     
b               1.000 
ct             -0.997  1.000 


*******************************************************************************
Tue Apr 23 14:37:26 2024


FIT:    data read from 'Tabla.txt' using (log10($1)):(log10($3))
        format = x:z
        #datapoints = 7
        residuals are weighted equally (unit weight)

function used for fitting: f2(x)
	f2(x) = a * x + ck
fitted parameters initialized with current variable values

iter      chisq       delta/lim  lambda   a             ck           
   0 4.6266741789e+01   0.00e+00  6.42e+00    1.000000e+00   1.000000e+00
   6 6.1651194747e-09  -5.51e-06  6.42e-06    4.000230e-01   3.860675e+00

After 6 iterations the fit converged.
final sum of squares of residuals : 6.16512e-09
rel. change during last iteration : -5.50941e-11

degrees of freedom    (FIT_NDF)                        : 5
rms of residuals      (FIT_STDFIT) = sqrt(WSSR/ndf)    : 3.51144e-05
variance of residuals (reduced chisquare) = WSSR/ndf   : 1.23302e-09

Final set of parameters            Asymptotic Standard Error
=======================            ==========================
a               = 0.400023         +/- 1.976e-05    (0.004939%)
ck              = 3.86068          +/- 0.0001783    (0.004619%)

correlation matrix of the fit parameters:
                a      ck     
a               1.000 
ck             -0.997  1.000 


*******************************************************************************
Tue Apr 23 14:38:17 2024


FIT:    data read from 'Tabla.txt' using (log10($1)):(log10($2))
        format = x:z
        #datapoints = 7
        residuals are weighted equally (unit weight)

function used for fitting: f1(x)
	f1(x) = b * x + ct
fitted parameters initialized with current variable values

iter      chisq       delta/lim  lambda   b             ct           
   0 5.6322065955e+01   0.00e+00  6.42e+00    1.000000e+00   1.000000e+00
   6 1.1405060257e-06  -1.21e-07  6.42e-06   -2.298243e-03   7.265192e+00

After 6 iterations the fit converged.
final sum of squares of residuals : 1.14051e-06
rel. change during last iteration : -1.20574e-12

degrees of freedom    (FIT_NDF)                        : 5
rms of residuals      (FIT_STDFIT) = sqrt(WSSR/ndf)    : 0.000477599
variance of residuals (reduced chisquare) = WSSR/ndf   : 2.28101e-07

Final set of parameters            Asymptotic Standard Error
=======================            ==========================
b               = -0.00229824      +/- 0.0002687    (11.69%)
ct              = 7.26519          +/- 0.002425     (0.03338%)

correlation matrix of the fit parameters:
                b      ct     
b               1.000 
ct             -0.997  1.000 


*******************************************************************************
Tue Apr 23 14:38:17 2024


FIT:    data read from 'Tabla.txt' using (log10($1)):(log10($3))
        format = x:z
        #datapoints = 7
        residuals are weighted equally (unit weight)

function used for fitting: f2(x)
	f2(x) = a * x + ck
fitted parameters initialized with current variable values

iter      chisq       delta/lim  lambda   a             ck           
   0 4.6266741789e+01   0.00e+00  6.42e+00    1.000000e+00   1.000000e+00
   6 6.1651194747e-09  -5.51e-06  6.42e-06    4.000230e-01   3.860675e+00

After 6 iterations the fit converged.
final sum of squares of residuals : 6.16512e-09
rel. change during last iteration : -5.50941e-11

degrees of freedom    (FIT_NDF)                        : 5
rms of residuals      (FIT_STDFIT) = sqrt(WSSR/ndf)    : 3.51144e-05
variance of residuals (reduced chisquare) = WSSR/ndf   : 1.23302e-09

Final set of parameters            Asymptotic Standard Error
=======================            ==========================
a               = 0.400023         +/- 1.976e-05    (0.004939%)
ck              = 3.86068          +/- 0.0001783    (0.004619%)

correlation matrix of the fit parameters:
                a      ck     
a               1.000 
ck             -0.997  1.000 


*******************************************************************************
Tue Apr 23 14:53:13 2024


FIT:    data read from 'Tabla.txt' using (log10($1)):(log10($2))
        format = x:z
        #datapoints = 7
        residuals are weighted equally (unit weight)

function used for fitting: f1(x)
	f1(x) = b * x + ct
fitted parameters initialized with current variable values

iter      chisq       delta/lim  lambda   b             ct           
   0 2.4745170187e+01   0.00e+00  8.52e-01    1.000000e+00   1.000000e+00
   4 1.1405060257e-06  -2.88e-05  8.52e-05   -2.298243e-03  -7.554926e-01

After 4 iterations the fit converged.
final sum of squares of residuals : 1.14051e-06
rel. change during last iteration : -2.8843e-10

degrees of freedom    (FIT_NDF)                        : 5
rms of residuals      (FIT_STDFIT) = sqrt(WSSR/ndf)    : 0.000477599
variance of residuals (reduced chisquare) = WSSR/ndf   : 2.28101e-07

Final set of parameters            Asymptotic Standard Error
=======================            ==========================
b               = -0.00229824      +/- 0.0002687    (11.69%)
ct              = -0.755493        +/- 0.0001805    (0.02389%)

correlation matrix of the fit parameters:
                b      ct     
b               1.000 
ct              0.000  1.000 


*******************************************************************************
Tue Apr 23 14:53:13 2024


FIT:    data read from 'Tabla.txt' using (log10($1)):(log10($3))
        format = x:z
        #datapoints = 7
        residuals are weighted equally (unit weight)

function used for fitting: f2(x)
	f2(x) = a * x + ck
fitted parameters initialized with current variable values

iter      chisq       delta/lim  lambda   a             ck           
   0 4.6266741789e+01   0.00e+00  8.52e-01    1.000000e+00   1.000000e+00
   4 6.1651194747e-09  -2.53e-03  8.52e-05    4.000230e-01  -1.539117e+00

After 4 iterations the fit converged.
final sum of squares of residuals : 6.16512e-09
rel. change during last iteration : -2.52818e-08

degrees of freedom    (FIT_NDF)                        : 5
rms of residuals      (FIT_STDFIT) = sqrt(WSSR/ndf)    : 3.51144e-05
variance of residuals (reduced chisquare) = WSSR/ndf   : 1.23302e-09

Final set of parameters            Asymptotic Standard Error
=======================            ==========================
a               = 0.400023         +/- 1.976e-05    (0.004939%)
ck              = -1.53912         +/- 1.327e-05    (0.0008623%)

correlation matrix of the fit parameters:
                a      ck     
a               1.000 
ck              0.000  1.000 


*******************************************************************************
Tue Apr 23 16:12:58 2024


FIT:    data read from 'Tabla.txt' using (log10($1)):(log10($2))
        format = x:z
        #datapoints = 7
        residuals are weighted equally (unit weight)

function used for fitting: f1(x)
	f1(x) = b * x + ct
fitted parameters initialized with current variable values

iter      chisq       delta/lim  lambda   b             ct           
   0 2.4745170187e+01   0.00e+00  8.52e-01    1.000000e+00   1.000000e+00
   4 1.1405060257e-06  -2.88e-05  8.52e-05   -2.298243e-03  -7.554926e-01

After 4 iterations the fit converged.
final sum of squares of residuals : 1.14051e-06
rel. change during last iteration : -2.8843e-10

degrees of freedom    (FIT_NDF)                        : 5
rms of residuals      (FIT_STDFIT) = sqrt(WSSR/ndf)    : 0.000477599
variance of residuals (reduced chisquare) = WSSR/ndf   : 2.28101e-07

Final set of parameters            Asymptotic Standard Error
=======================            ==========================
b               = -0.00229824      +/- 0.0002687    (11.69%)
ct              = -0.755493        +/- 0.0001805    (0.02389%)

correlation matrix of the fit parameters:
                b      ct     
b               1.000 
ct              0.000  1.000 


*******************************************************************************
Tue Apr 23 16:12:58 2024


FIT:    data read from 'Tabla.txt' using (log10($1)):(log10($3))
        format = x:z
        #datapoints = 7
        residuals are weighted equally (unit weight)

function used for fitting: f2(x)
	f2(x) = a * x + ck
fitted parameters initialized with current variable values

iter      chisq       delta/lim  lambda   a             ck           
   0 4.6266741789e+01   0.00e+00  8.52e-01    1.000000e+00   1.000000e+00
   4 6.1651194747e-09  -2.53e-03  8.52e-05    4.000230e-01  -1.539117e+00

After 4 iterations the fit converged.
final sum of squares of residuals : 6.16512e-09
rel. change during last iteration : -2.52818e-08

degrees of freedom    (FIT_NDF)                        : 5
rms of residuals      (FIT_STDFIT) = sqrt(WSSR/ndf)    : 3.51144e-05
variance of residuals (reduced chisquare) = WSSR/ndf   : 1.23302e-09

Final set of parameters            Asymptotic Standard Error
=======================            ==========================
a               = 0.400023         +/- 1.976e-05    (0.004939%)
ck              = -1.53912         +/- 1.327e-05    (0.0008623%)

correlation matrix of the fit parameters:
                a      ck     
a               1.000 
ck              0.000  1.000 


*******************************************************************************
Tue Apr 23 21:44:58 2024


FIT:    data read from 'Tabla.txt' using (log10($1)):(log10($2))
        format = x:z
        #datapoints = 3
        residuals are weighted equally (unit weight)

function used for fitting: f1(x)
	f1(x) = b * x + ct
fitted parameters initialized with current variable values

iter      chisq       delta/lim  lambda   b             ct           
   0 4.1552506079e+01   0.00e+00  9.13e-01    1.000000e+00   1.000000e+00
   4 2.5388241525e-05  -8.08e-05  9.13e-05   -3.887634e-01  -2.544722e+00

After 4 iterations the fit converged.
final sum of squares of residuals : 2.53882e-05
rel. change during last iteration : -8.08255e-10

degrees of freedom    (FIT_NDF)                        : 1
rms of residuals      (FIT_STDFIT) = sqrt(WSSR/ndf)    : 0.00503867
variance of residuals (reduced chisquare) = WSSR/ndf   : 2.53882e-05

Final set of parameters            Asymptotic Standard Error
=======================            ==========================
b               = -0.388763        +/- 0.003563     (0.9165%)
ct              = -2.54472         +/- 0.002909     (0.1143%)

correlation matrix of the fit parameters:
                b      ct     
b               1.000 
ct              0.000  1.000 


*******************************************************************************
Tue Apr 23 21:44:58 2024


FIT:    data read from 'Tabla.txt' using (log10($1)):(log10($3))
        format = x:z
        #datapoints = 3
        residuals are weighted equally (unit weight)

function used for fitting: f2(x)
	f2(x) = a * x + ck
fitted parameters initialized with current variable values

iter      chisq       delta/lim  lambda   a             ck           
   0 2.0061038827e+01   0.00e+00  9.13e-01    1.000000e+00   1.000000e+00
   5 3.4767761933e-12  -2.32e-11  9.13e-06    4.000527e-01  -1.539105e+00

After 5 iterations the fit converged.
final sum of squares of residuals : 3.47678e-12
rel. change during last iteration : -2.3234e-16

degrees of freedom    (FIT_NDF)                        : 1
rms of residuals      (FIT_STDFIT) = sqrt(WSSR/ndf)    : 1.86461e-06
variance of residuals (reduced chisquare) = WSSR/ndf   : 3.47678e-12

Final set of parameters            Asymptotic Standard Error
=======================            ==========================
a               = 0.400053         +/- 1.318e-06    (0.0003296%)
ck              = -1.53911         +/- 1.077e-06    (6.995e-05%)

correlation matrix of the fit parameters:
                a      ck     
a               1.000 
ck             -0.000  1.000 


*******************************************************************************
Tue Apr 23 21:45:29 2024


FIT:    data read from 'Tabla.txt' using (log10($1)):(log10($2))
        format = x:z
        #datapoints = 3
        residuals are weighted equally (unit weight)

function used for fitting: f1(x)
	f1(x) = b * x + ct
fitted parameters initialized with current variable values

iter      chisq       delta/lim  lambda   b             ct           
   0 4.1552506079e+01   0.00e+00  9.13e-01    1.000000e+00   1.000000e+00
   4 2.5388241525e-05  -8.08e-05  9.13e-05   -3.887634e-01  -2.544722e+00

After 4 iterations the fit converged.
final sum of squares of residuals : 2.53882e-05
rel. change during last iteration : -8.08255e-10

degrees of freedom    (FIT_NDF)                        : 1
rms of residuals      (FIT_STDFIT) = sqrt(WSSR/ndf)    : 0.00503867
variance of residuals (reduced chisquare) = WSSR/ndf   : 2.53882e-05

Final set of parameters            Asymptotic Standard Error
=======================            ==========================
b               = -0.388763        +/- 0.003563     (0.9165%)
ct              = -2.54472         +/- 0.002909     (0.1143%)

correlation matrix of the fit parameters:
                b      ct     
b               1.000 
ct              0.000  1.000 


*******************************************************************************
Tue Apr 23 21:45:29 2024


FIT:    data read from 'Tabla.txt' using (log10($1)):(log10($3))
        format = x:z
        #datapoints = 3
        residuals are weighted equally (unit weight)

function used for fitting: f2(x)
	f2(x) = a * x + ck
fitted parameters initialized with current variable values

iter      chisq       delta/lim  lambda   a             ck           
   0 2.0061038827e+01   0.00e+00  9.13e-01    1.000000e+00   1.000000e+00
   5 3.4767761933e-12  -2.32e-11  9.13e-06    4.000527e-01  -1.539105e+00

After 5 iterations the fit converged.
final sum of squares of residuals : 3.47678e-12
rel. change during last iteration : -2.3234e-16

degrees of freedom    (FIT_NDF)                        : 1
rms of residuals      (FIT_STDFIT) = sqrt(WSSR/ndf)    : 1.86461e-06
variance of residuals (reduced chisquare) = WSSR/ndf   : 3.47678e-12

Final set of parameters            Asymptotic Standard Error
=======================            ==========================
a               = 0.400053         +/- 1.318e-06    (0.0003296%)
ck              = -1.53911         +/- 1.077e-06    (6.995e-05%)

correlation matrix of the fit parameters:
                a      ck     
a               1.000 
ck             -0.000  1.000 


*******************************************************************************
Tue Apr 23 21:46:36 2024


FIT:    data read from 'Tabla.txt' using (log10($1)):(log10($2))
        format = x:z
        #datapoints = 7
        residuals are weighted equally (unit weight)

function used for fitting: f1(x)
	f1(x) = b * x + ct
fitted parameters initialized with current variable values

iter      chisq       delta/lim  lambda   b             ct           
   0 9.3986930250e+01   0.00e+00  8.52e-01    1.000000e+00   1.000000e+00
   4 3.8585137637e-05  -1.76e-06  8.52e-05   -3.889817e-01  -2.543476e+00

After 4 iterations the fit converged.
final sum of squares of residuals : 3.85851e-05
rel. change during last iteration : -1.76302e-11

degrees of freedom    (FIT_NDF)                        : 5
rms of residuals      (FIT_STDFIT) = sqrt(WSSR/ndf)    : 0.00277795
variance of residuals (reduced chisquare) = WSSR/ndf   : 7.71703e-06

Final set of parameters            Asymptotic Standard Error
=======================            ==========================
b               = -0.388982        +/- 0.001563     (0.4019%)
ct              = -2.54348         +/- 0.00105      (0.04128%)

correlation matrix of the fit parameters:
                b      ct     
b               1.000 
ct             -0.000  1.000 


*******************************************************************************
Tue Apr 23 21:46:36 2024


FIT:    data read from 'Tabla.txt' using (log10($1)):(log10($3))
        format = x:z
        #datapoints = 7
        residuals are weighted equally (unit weight)

function used for fitting: f2(x)
	f2(x) = a * x + ck
fitted parameters initialized with current variable values

iter      chisq       delta/lim  lambda   a             ck           
   0 4.6266741789e+01   0.00e+00  8.52e-01    1.000000e+00   1.000000e+00
   4 6.1651194747e-09  -2.53e-03  8.52e-05    4.000230e-01  -1.539117e+00

After 4 iterations the fit converged.
final sum of squares of residuals : 6.16512e-09
rel. change during last iteration : -2.52818e-08

degrees of freedom    (FIT_NDF)                        : 5
rms of residuals      (FIT_STDFIT) = sqrt(WSSR/ndf)    : 3.51144e-05
variance of residuals (reduced chisquare) = WSSR/ndf   : 1.23302e-09

Final set of parameters            Asymptotic Standard Error
=======================            ==========================
a               = 0.400023         +/- 1.976e-05    (0.004939%)
ck              = -1.53912         +/- 1.327e-05    (0.0008623%)

correlation matrix of the fit parameters:
                a      ck     
a               1.000 
ck              0.000  1.000 


*******************************************************************************
Tue Apr 23 21:48:24 2024


FIT:    data read from 'Tabla.txt' using (log10($1)):(log10($2))
        format = x:z
        #datapoints = 7
        residuals are weighted equally (unit weight)

function used for fitting: f1(x)
	f1(x) = b * x + ct
fitted parameters initialized with current variable values

iter      chisq       delta/lim  lambda   b             ct           
   0 9.3986930250e+01   0.00e+00  8.52e-01    1.000000e+00   1.000000e+00
   4 3.8585137637e-05  -1.76e-06  8.52e-05   -3.889817e-01  -2.543476e+00

After 4 iterations the fit converged.
final sum of squares of residuals : 3.85851e-05
rel. change during last iteration : -1.76302e-11

degrees of freedom    (FIT_NDF)                        : 5
rms of residuals      (FIT_STDFIT) = sqrt(WSSR/ndf)    : 0.00277795
variance of residuals (reduced chisquare) = WSSR/ndf   : 7.71703e-06

Final set of parameters            Asymptotic Standard Error
=======================            ==========================
b               = -0.388982        +/- 0.001563     (0.4019%)
ct              = -2.54348         +/- 0.00105      (0.04128%)

correlation matrix of the fit parameters:
                b      ct     
b               1.000 
ct             -0.000  1.000 


*******************************************************************************
Tue Apr 23 21:48:24 2024


FIT:    data read from 'Tabla.txt' using (log10($1)):(log10($3))
        format = x:z
        #datapoints = 7
        residuals are weighted equally (unit weight)

function used for fitting: f2(x)
	f2(x) = a * x + ck
fitted parameters initialized with current variable values

iter      chisq       delta/lim  lambda   a             ck           
   0 4.6266741789e+01   0.00e+00  8.52e-01    1.000000e+00   1.000000e+00
   4 6.1651194747e-09  -2.53e-03  8.52e-05    4.000230e-01  -1.539117e+00

After 4 iterations the fit converged.
final sum of squares of residuals : 6.16512e-09
rel. change during last iteration : -2.52818e-08

degrees of freedom    (FIT_NDF)                        : 5
rms of residuals      (FIT_STDFIT) = sqrt(WSSR/ndf)    : 3.51144e-05
variance of residuals (reduced chisquare) = WSSR/ndf   : 1.23302e-09

Final set of parameters            Asymptotic Standard Error
=======================            ==========================
a               = 0.400023         +/- 1.976e-05    (0.004939%)
ck              = -1.53912         +/- 1.327e-05    (0.0008623%)

correlation matrix of the fit parameters:
                a      ck     
a               1.000 
ck              0.000  1.000 


*******************************************************************************
Wed Apr 24 00:42:03 2024


FIT:    data read from 'Tabla.txt' using (log10($1)):(log10($2))
        format = x:z
        #datapoints = 7
        residuals are weighted equally (unit weight)

function used for fitting: f1(x)
	f1(x) = b * x + ct
fitted parameters initialized with current variable values

iter      chisq       delta/lim  lambda   b             ct           
   0 5.1378262169e+01   0.00e+00  1.11e+00    1.000000e+00   1.000000e+00
   4 3.8585137637e-05  -7.01e-03  1.11e-04   -3.889817e-01  -2.932458e+00

After 4 iterations the fit converged.
final sum of squares of residuals : 3.85851e-05
rel. change during last iteration : -7.01166e-08

degrees of freedom    (FIT_NDF)                        : 5
rms of residuals      (FIT_STDFIT) = sqrt(WSSR/ndf)    : 0.00277795
variance of residuals (reduced chisquare) = WSSR/ndf   : 7.71703e-06

Final set of parameters            Asymptotic Standard Error
=======================            ==========================
b               = -0.388982        +/- 0.001563     (0.4019%)
ct              = -2.93246         +/- 0.001883     (0.06421%)

correlation matrix of the fit parameters:
                b      ct     
b               1.000 
ct              0.830  1.000 


*******************************************************************************
Wed Apr 24 00:42:03 2024


FIT:    data read from 'Tabla.txt' using (log10($1)):(log10($3))
        format = x:z
        #datapoints = 7
        residuals are weighted equally (unit weight)

function used for fitting: f2(x)
	f2(x) = a * x + ck
fitted parameters initialized with current variable values

iter      chisq       delta/lim  lambda   a             ck           
   0 4.6266741789e+01   0.00e+00  1.11e+00    1.000000e+00   1.000000e+00
   5 6.1651194747e-09  -8.68e-08  1.11e+00    4.000230e-01  -2.139094e+00

After 5 iterations the fit converged.
final sum of squares of residuals : 6.16512e-09
rel. change during last iteration : -8.68221e-13

degrees of freedom    (FIT_NDF)                        : 5
rms of residuals      (FIT_STDFIT) = sqrt(WSSR/ndf)    : 3.51144e-05
variance of residuals (reduced chisquare) = WSSR/ndf   : 1.23302e-09

Final set of parameters            Asymptotic Standard Error
=======================            ==========================
a               = 0.400023         +/- 1.976e-05    (0.004939%)
ck              = -2.13909         +/- 2.38e-05     (0.001113%)

correlation matrix of the fit parameters:
                a      ck     
a               1.000 
ck              0.830  1.000 
